<?xml version="1.0" encoding="UTF-8"?>
<!-- Generated by org.testng.reporters.JUnitReportReporter -->
<testsuite hostname="yoganandpc" failures="0" tests="1" name="samplejavaproject.democlass" time="24.567" errors="0" timestamp="2023-08-14T14:40:53 IST" skipped="0">
  <testcase classname="samplejavaproject.democlass" name="testclass" time="24.567"/>
  <system-out/>
</testsuite> <!-- samplejavaproject.democlass -->
